# JRE version: OpenJDK Runtime Environment Temurin-17.0.7+7 (17.0.7+7) (build 17.0.7+7)
# Java VM: OpenJDK 64-Bit Server VM Temurin-17.0.7+7 (17.0.7+7, mixed mode, sharing, tiered, compressed oops, compressed class ptrs, g1 gc, linux-amd64)
GC Precious Log:
 CPUs: 4 total, 4 available
 Memory: 15891M
 Large Page Support: Disabled
 NUMA Support: Disabled
 Compressed Oops: Enabled (Zero based)
 Heap Region Size: 2M
 Heap Min Capacity: 8M
 Heap Initial Capacity: 250M
 Heap Max Capacity: 3974M
 Pre-touch: Disabled
 Parallel Workers: 4
 Concurrent Workers: 1
 Concurrent Refinement Workers: 4
 Periodic GC: Disabled
Heap:
 garbage-first heap   total 233472K, used 83339K [0x0000000707a00000, 0x0000000800000000)
  region size 2048K, 8 young (16384K), 5 survivors (10240K)
 Metaspace       used 29726K, committed 30016K, reserved 1114112K
  class space    used 3404K, committed 3520K, reserved 1048576K
GC Heap History (20 events):
Event: 0.427 GC heap before
{Heap before GC invocations=1 (full 0):
 garbage-first heap   total 260096K, used 20953K [0x0000000707a00000, 0x0000000800000000)
  region size 2048K, 9 young (18432K), 1 survivors (2048K)
 Metaspace       used 6068K, committed 6272K, reserved 1114112K
  class space    used 734K, committed 832K, reserved 1048576K
}
Event: 0.430 GC heap after
{Heap after GC invocations=2 (full 0):
 garbage-first heap   total 260096K, used 5368K [0x0000000707a00000, 0x0000000800000000)
  region size 2048K, 2 young (4096K), 2 survivors (4096K)
 Metaspace       used 6068K, committed 6272K, reserved 1114112K
  class space    used 734K, committed 832K, reserved 1048576K
}
Event: 1.803 GC heap before
{Heap before GC invocations=2 (full 0):
 garbage-first heap   total 260096K, used 154872K [0x0000000707a00000, 0x0000000800000000)
  region size 2048K, 75 young (153600K), 2 survivors (4096K)
 Metaspace       used 16753K, committed 16960K, reserved 1114112K
  class space    used 1964K, committed 2048K, reserved 1048576K
}
Event: 1.815 GC heap after
{Heap after GC invocations=3 (full 0):
 garbage-first heap   total 260096K, used 15966K [0x0000000707a00000, 0x0000000800000000)
  region size 2048K, 7 young (14336K), 7 survivors (14336K)
 Metaspace       used 16753K, committed 16960K, reserved 1114112K
  class space    used 1964K, committed 2048K, reserved 1048576K
}
Event: 4.510 GC heap before
{Heap before GC invocations=3 (full 0):
 garbage-first heap   total 260096K, used 87646K [0x0000000707a00000, 0x0000000800000000)
  region size 2048K, 41 young (83968K), 7 survivors (14336K)
 Metaspace       used 21183K, committed 21504K, reserved 1114112K
  class space    used 2447K, committed 2624K, reserved 1048576K
}
Event: 4.523 GC heap after
{Heap after GC invocations=4 (full 0):
 garbage-first heap   total 260096K, used 27609K [0x0000000707a00000, 0x0000000800000000)
  region size 2048K, 4 young (8192K), 4 survivors (8192K)
 Metaspace       used 21183K, committed 21504K, reserved 1114112K
  class space    used 2447K, committed 2624K, reserved 1048576K
}
Event: 5.191 GC heap before
{Heap before GC invocations=5 (full 0):
 garbage-first heap   total 110592K, used 84953K [0x0000000707a00000, 0x0000000800000000)
  region size 2048K, 32 young (65536K), 4 survivors (8192K)
 Metaspace       used 26976K, committed 27264K, reserved 1114112K
  class space    used 3142K, committed 3264K, reserved 1048576K
}
Event: 5.206 GC heap after
{Heap after GC invocations=6 (full 0):
 garbage-first heap   total 114688K, used 43645K [0x0000000707a00000, 0x0000000800000000)
  region size 2048K, 4 young (8192K), 4 survivors (8192K)
 Metaspace       used 26976K, committed 27264K, reserved 1114112K
  class space    used 3142K, committed 3264K, reserved 1048576K
}
Event: 5.243 GC heap before
{Heap before GC invocations=6 (full 0):
 garbage-first heap   total 114688K, used 45693K [0x0000000707a00000, 0x0000000800000000)
  region size 2048K, 5 young (10240K), 4 survivors (8192K)
 Metaspace       used 27017K, committed 27328K, reserved 1114112K
  class space    used 3143K, committed 3264K, reserved 1048576K
}
Event: 5.250 GC heap after
{Heap after GC invocations=7 (full 0):
 garbage-first heap   total 114688K, used 46370K [0x0000000707a00000, 0x0000000800000000)
  region size 2048K, 1 young (2048K), 1 survivors (2048K)
 Metaspace       used 27017K, committed 27328K, reserved 1114112K
  class space    used 3143K, committed 3264K, reserved 1048576K
}
Event: 8.065 GC heap before
{Heap before GC invocations=7 (full 0):
 garbage-first heap   total 114688K, used 83234K [0x0000000707a00000, 0x0000000800000000)
  region size 2048K, 18 young (36864K), 1 survivors (2048K)
 Metaspace       used 29157K, committed 29440K, reserved 1114112K
  class space    used 3390K, committed 3520K, reserved 1048576K
}
Event: 8.072 GC heap after
{Heap after GC invocations=8 (full 0):
 garbage-first heap   total 114688K, used 55264K [0x0000000707a00000, 0x0000000800000000)
  region size 2048K, 3 young (6144K), 3 survivors (6144K)
 Metaspace       used 29157K, committed 29440K, reserved 1114112K
  class space    used 3390K, committed 3520K, reserved 1048576K
}
Event: 8.089 GC heap before
{Heap before GC invocations=8 (full 0):
 garbage-first heap   total 114688K, used 59360K [0x0000000707a00000, 0x0000000800000000)
  region size 2048K, 7 young (14336K), 3 survivors (6144K)
 Metaspace       used 29165K, committed 29440K, reserved 1114112K
  class space    used 3390K, committed 3520K, reserved 1048576K
}
Event: 8.095 GC heap after
{Heap after GC invocations=9 (full 0):
 garbage-first heap   total 114688K, used 61078K [0x0000000707a00000, 0x0000000800000000)
  region size 2048K, 3 young (6144K), 3 survivors (6144K)
 Metaspace       used 29165K, committed 29440K, reserved 1114112K
  class space    used 3390K, committed 3520K, reserved 1048576K
}
Event: 8.178 GC heap before
{Heap before GC invocations=10 (full 0):
 garbage-first heap   total 116736K, used 79510K [0x0000000707a00000, 0x0000000800000000)
  region size 2048K, 11 young (22528K), 3 survivors (6144K)
 Metaspace       used 29285K, committed 29568K, reserved 1114112K
  class space    used 3391K, committed 3520K, reserved 1048576K
}
Event: 8.182 GC heap after
{Heap after GC invocations=11 (full 0):
 garbage-first heap   total 116736K, used 69541K [0x0000000707a00000, 0x0000000800000000)
  region size 2048K, 2 young (4096K), 2 survivors (4096K)
 Metaspace       used 29285K, committed 29568K, reserved 1114112K
  class space    used 3391K, committed 3520K, reserved 1048576K
}
Event: 8.187 GC heap before
{Heap before GC invocations=11 (full 0):
 garbage-first heap   total 116736K, used 71589K [0x0000000707a00000, 0x0000000800000000)
  region size 2048K, 3 young (6144K), 2 survivors (4096K)
 Metaspace       used 29287K, committed 29568K, reserved 1114112K
  class space    used 3391K, committed 3520K, reserved 1048576K
}
Event: 8.194 GC heap after
{Heap after GC invocations=12 (full 0):
 garbage-first heap   total 233472K, used 61434K [0x0000000707a00000, 0x0000000800000000)
  region size 2048K, 1 young (2048K), 1 survivors (2048K)
 Metaspace       used 29287K, committed 29568K, reserved 1114112K
  class space    used 3391K, committed 3520K, reserved 1048576K
}
Event: 8.208 GC heap before
{Heap before GC invocations=12 (full 0):
 garbage-first heap   total 233472K, used 69626K [0x0000000707a00000, 0x0000000800000000)
  region size 2048K, 5 young (10240K), 1 survivors (2048K)
 Metaspace       used 29290K, committed 29568K, reserved 1114112K
  class space    used 3391K, committed 3520K, reserved 1048576K
}
Event: 8.212 GC heap after
{Heap after GC invocations=13 (full 0):
 garbage-first heap   total 233472K, used 60474K [0x0000000707a00000, 0x0000000800000000)
  region size 2048K, 1 young (2048K), 1 survivors (2048K)
 Metaspace       used 29290K, committed 29568K, reserved 1114112K
  class space    used 3391K, committed 3520K, reserved 1048576K
}

