# JRE version: OpenJDK Runtime Environment Temurin-17.0.7+7 (17.0.7+7) (build 17.0.7+7)
# Java VM: OpenJDK 64-Bit Server VM Temurin-17.0.7+7 (17.0.7+7, mixed mode, sharing, tiered, compressed oops, compressed class ptrs, g1 gc, linux-amd64)
GC Precious Log:
 CPUs: 4 total, 4 available
 Memory: 15891M
 Large Page Support: Disabled
 NUMA Support: Disabled
 Compressed Oops: Enabled (Zero based)
 Heap Region Size: 2M
 Heap Min Capacity: 8M
 Heap Initial Capacity: 250M
 Heap Max Capacity: 3974M
 Pre-touch: Disabled
 Parallel Workers: 4
 Concurrent Workers: 1
 Concurrent Refinement Workers: 4
 Periodic GC: Disabled
Heap:
 garbage-first heap   total 69632K, used 19024K [0x0000000707a00000, 0x0000000800000000)
  region size 2048K, 3 young (6144K), 1 survivors (2048K)
 Metaspace       used 27088K, committed 27456K, reserved 1114112K
  class space    used 3619K, committed 3776K, reserved 1048576K
GC Heap History (12 events):
Event: 0.248 GC heap before
{Heap before GC invocations=0 (full 0):
 garbage-first heap   total 260096K, used 12256K [0x0000000707a00000, 0x0000000800000000)
  region size 2048K, 6 young (12288K), 0 survivors (0K)
 Metaspace       used 2383K, committed 2496K, reserved 1114112K
  class space    used 269K, committed 320K, reserved 1048576K
}
Event: 0.252 GC heap after
{Heap after GC invocations=1 (full 0):
 garbage-first heap   total 260096K, used 7448K [0x0000000707a00000, 0x0000000800000000)
  region size 2048K, 1 young (2048K), 1 survivors (2048K)
 Metaspace       used 2383K, committed 2496K, reserved 1114112K
  class space    used 269K, committed 320K, reserved 1048576K
}
Event: 0.442 GC heap before
{Heap before GC invocations=1 (full 0):
 garbage-first heap   total 260096K, used 15640K [0x0000000707a00000, 0x0000000800000000)
  region size 2048K, 6 young (12288K), 1 survivors (2048K)
 Metaspace       used 5195K, committed 5376K, reserved 1114112K
  class space    used 684K, committed 768K, reserved 1048576K
}
Event: 0.444 GC heap after
{Heap after GC invocations=2 (full 0):
 garbage-first heap   total 260096K, used 8125K [0x0000000707a00000, 0x0000000800000000)
  region size 2048K, 1 young (2048K), 1 survivors (2048K)
 Metaspace       used 5195K, committed 5376K, reserved 1114112K
  class space    used 684K, committed 768K, reserved 1048576K
}
Event: 1.529 GC heap before
{Heap before GC invocations=2 (full 0):
 garbage-first heap   total 260096K, used 42941K [0x0000000707a00000, 0x0000000800000000)
  region size 2048K, 18 young (36864K), 1 survivors (2048K)
 Metaspace       used 13766K, committed 14080K, reserved 1114112K
  class space    used 1843K, committed 1984K, reserved 1048576K
}
Event: 1.537 GC heap after
{Heap after GC invocations=3 (full 0):
 garbage-first heap   total 260096K, used 10772K [0x0000000707a00000, 0x0000000800000000)
  region size 2048K, 2 young (4096K), 2 survivors (4096K)
 Metaspace       used 13766K, committed 14080K, reserved 1114112K
  class space    used 1843K, committed 1984K, reserved 1048576K
}
Event: 2.817 GC heap before
{Heap before GC invocations=3 (full 0):
 garbage-first heap   total 260096K, used 49684K [0x0000000707a00000, 0x0000000800000000)
  region size 2048K, 23 young (47104K), 2 survivors (4096K)
 Metaspace       used 21298K, committed 21504K, reserved 1114112K
  class space    used 2752K, committed 2880K, reserved 1048576K
}
Event: 2.855 GC heap after
{Heap after GC invocations=4 (full 0):
 garbage-first heap   total 260096K, used 14221K [0x0000000707a00000, 0x0000000800000000)
  region size 2048K, 4 young (8192K), 4 survivors (8192K)
 Metaspace       used 21298K, committed 21504K, reserved 1114112K
  class space    used 2752K, committed 2880K, reserved 1048576K
}
Event: 4.137 GC heap before
{Heap before GC invocations=5 (full 0):
 garbage-first heap   total 69632K, used 46989K [0x0000000707a00000, 0x0000000800000000)
  region size 2048K, 20 young (40960K), 4 survivors (8192K)
 Metaspace       used 26232K, committed 26624K, reserved 1114112K
  class space    used 3460K, committed 3648K, reserved 1048576K
}
Event: 4.146 GC heap after
{Heap after GC invocations=6 (full 0):
 garbage-first heap   total 69632K, used 16439K [0x0000000707a00000, 0x0000000800000000)
  region size 2048K, 2 young (4096K), 2 survivors (4096K)
 Metaspace       used 26232K, committed 26624K, reserved 1114112K
  class space    used 3460K, committed 3648K, reserved 1048576K
}
Event: 4.203 GC heap before
{Heap before GC invocations=6 (full 0):
 garbage-first heap   total 69632K, used 18487K [0x0000000707a00000, 0x0000000800000000)
  region size 2048K, 3 young (6144K), 2 survivors (4096K)
 Metaspace       used 26549K, committed 26944K, reserved 1114112K
  class space    used 3518K, committed 3712K, reserved 1048576K
}
Event: 4.206 GC heap after
{Heap after GC invocations=7 (full 0):
 garbage-first heap   total 69632K, used 16976K [0x0000000707a00000, 0x0000000800000000)
  region size 2048K, 1 young (2048K), 1 survivors (2048K)
 Metaspace       used 26549K, committed 26944K, reserved 1114112K
  class space    used 3518K, committed 3712K, reserved 1048576K
}

